<?xml version="1.0" encoding="UTF-8"?>
<!-- Generated by org.testng.reporters.JUnitReportReporter -->
<testsuite hostname="Rupankar-PC-2001" failures="0" tests="14" name="Test.WorldClockFunctions" time="66.454" errors="0" timestamp="2023-06-25T03:06:21 IST" skipped="0">
  <testcase classname="Test.WorldClockFunctions" name="Login" time="18.652"/>
  <testcase classname="Test.WorldClockFunctions" name="profile" time="1.102"/>
  <testcase classname="Test.WorldClockFunctions" name="user_details" time="1.082"/>
  <testcase classname="Test.WorldClockFunctions" name="clockMessage" time="6.357"/>
  <testcase classname="Test.WorldClockFunctions" name="bangalore_time_date_details" time="1.046"/>
  <testcase classname="Test.WorldClockFunctions" name="bangalore_date_time_verify" time="1.166"/>
  <testcase classname="Test.WorldClockFunctions" name="london_time_date_display" time="1.055"/>
  <testcase classname="Test.WorldClockFunctions" name="london_time_check" time="7.711"/>
  <testcase classname="Test.WorldClockFunctions" name="London_date_check" time="6.840"/>
  <testcase classname="Test.WorldClockFunctions" name="time_diff_Bangalore_London" time="5.605"/>
  <testcase classname="Test.WorldClockFunctions" name="NY_time_date_display" time="0.045"/>
  <testcase classname="Test.WorldClockFunctions" name="NY_time_check" time="5.660"/>
  <testcase classname="Test.WorldClockFunctions" name="NY_datecheck" time="5.322"/>
  <testcase classname="Test.WorldClockFunctions" name="time_diff_Bangalore_NY" time="4.811"/>
</testsuite> <!-- Test.WorldClockFunctions -->
