<?xml version="1.0" encoding="UTF-8"?>
<!-- Generated by org.testng.reporters.JUnitReportReporter -->
<testsuite hostname="Rupankar-PC-2001" failures="0" tests="2" name="Test.OneCAppsTest" time="37.860" errors="0" timestamp="2023-06-24T21:47:25 IST" skipped="0">
  <testcase classname="Test.OneCAppsTest" name="Login" time="15.493"/>
  <testcase classname="Test.OneCAppsTest" name="clickOneCognizant" time="22.367"/>
</testsuite> <!-- Test.OneCAppsTest -->
