<?xml version="1.0" encoding="UTF-8"?>
<!-- Generated by org.testng.reporters.JUnitReportReporter -->
<testsuite hostname="Rupankar-PC-2001" failures="0" tests="6" name="Test.OneCognizantTest" time="85.951" errors="0" timestamp="2023-06-25T03:06:21 IST" skipped="0">
  <testcase classname="Test.OneCognizantTest" name="Login" time="23.883"/>
  <testcase classname="Test.OneCognizantTest" name="clickOneCognizant" time="4.390"/>
  <testcase classname="Test.OneCognizantTest" name="handleWindow" time="0.152"/>
  <testcase classname="Test.OneCognizantTest" name="clickViewAllApps" time="52.611"/>
  <testcase classname="Test.OneCognizantTest" name="searchHeader" time="0.050"/>
  <testcase classname="Test.OneCognizantTest" name="appnames" time="4.865"/>
</testsuite> <!-- Test.OneCognizantTest -->
